<?xml version="1.0" encoding="UTF-8"?>
<!-- Generated by org.testng.reporters.JUnitReportReporter -->
<testsuite hostname="LTIN236986" failures="0" tests="7" name="testCases.TestCase_002_CarInsurance" time="36.965" errors="0" timestamp="2024-03-06T12:37:09 IST" skipped="0">
  <testcase classname="testCases.TestCase_002_CarInsurance" name="NavigatingBack" time="3.026"/>
  <system-out/>
  <testcase classname="testCases.TestCase_002_CarInsurance" name="CarInsurancePage" time="11.322"/>
  <system-out/>
  <testcase classname="testCases.TestCase_002_CarInsurance" name="CarInsurancePage2" time="4.350"/>
  <system-out/>
  <testcase classname="testCases.TestCase_002_CarInsurance" name="CarInsurancePage3" time="4.763"/>
  <system-out/>
  <testcase classname="testCases.TestCase_002_CarInsurance" name="CarInsurancePage4" time="4.716"/>
  <system-out/>
  <testcase classname="testCases.TestCase_002_CarInsurance" name="displayErrorMessage" time="4.403"/>
  <system-out/>
  <testcase classname="testCases.TestCase_002_CarInsurance" name="displayErrorMessage2" time="4.385"/>
  <system-out/>
</testsuite> <!-- testCases.TestCase_002_CarInsurance -->
