<?xml version="1.0" encoding="UTF-8"?>
<!-- Generated by org.testng.reporters.JUnitReportReporter -->
<testsuite hostname="LTIN236986" failures="0" tests="7" name="testCases.TestCase_002_CarInsurance" time="45.225" errors="0" timestamp="2024-03-04T14:50:33 IST" skipped="0">
  <testcase classname="testCases.TestCase_002_CarInsurance" name="NavigatingBack" time="3.091"/>
  <testcase classname="testCases.TestCase_002_CarInsurance" name="CarInsurancePage" time="20.614"/>
  <testcase classname="testCases.TestCase_002_CarInsurance" name="CarInsurancePage2" time="4.216"/>
  <testcase classname="testCases.TestCase_002_CarInsurance" name="CarInsurancePage3" time="4.352"/>
  <testcase classname="testCases.TestCase_002_CarInsurance" name="CarInsurancePage4" time="4.452"/>
  <testcase classname="testCases.TestCase_002_CarInsurance" name="displayErrorMessage" time="4.260"/>
  <testcase classname="testCases.TestCase_002_CarInsurance" name="displayErrorMessage2" time="4.240"/>
</testsuite> <!-- testCases.TestCase_002_CarInsurance -->
