<?xml version="1.0" encoding="UTF-8"?>
<!-- Generated by org.testng.reporters.JUnitReportReporter -->
<testsuite hostname="LTIN236986" failures="0" tests="3" name="testCases.TestCase_003_HealthInsurance" time="4.318" errors="0" timestamp="2024-03-04T14:50:33 IST" skipped="0">
  <testcase classname="testCases.TestCase_003_HealthInsurance" name="NavigateHome" time="2.500"/>
  <testcase classname="testCases.TestCase_003_HealthInsurance" name="HealthInsurancePage" time="0.157"/>
  <testcase classname="testCases.TestCase_003_HealthInsurance" name="DisplayList" time="1.661"/>
</testsuite> <!-- testCases.TestCase_003_HealthInsurance -->
